<?xml version="1.0" encoding="UTF-8"?>
<!-- Generated by org.testng.reporters.JUnitXMLReporter -->
<testsuite ignored="0" hostname="Raga" failures="0" tests="3" name="App Test" time="0.085" errors="0" timestamp="2025-07-15T20:12:54 WIB">
  <testcase classname="com.juaracoding.btestng.SignInTest" name="fillUsername" time="0.007"/>
  <testcase classname="com.juaracoding.btestng.SignInTest" name="fillPassword" time="0.0"/>
  <testcase classname="com.juaracoding.btestng.SignInTest" name="clickButtonSignIn" time="0.001"/>
</testsuite> <!-- App Test -->
