<?xml version="1.0" encoding="UTF-8"?>
<!-- Generated by org.testng.reporters.JUnitXMLReporter -->
<testsuite ignored="2" hostname="Raga" failures="0" tests="1" name="App Test Regression" time="0.096" errors="0" timestamp="2025-07-15T21:31:27 WIB">
  <testcase classname="com.juaracoding.btestng.AuthenticationTest" name="registerTest" time="0.011"/>
  <testcase classname="com.juaracoding.btestng.AuthenticationTest" name="signinTest" time="0.0">
    <ignored/>
  </testcase> <!-- signinTest -->
  <testcase classname="com.juaracoding.btestng.AuthenticationTest" name="signinWithInvalidUsernameTest" time="0.0">
    <ignored/>
  </testcase> <!-- signinWithInvalidUsernameTest -->
</testsuite> <!-- App Test Regression -->
