<?xml version="1.0" encoding="UTF-8"?>
<!-- Generated by org.testng.reporters.JUnitReportReporter -->
<testsuite hostname="Raga" failures="0" tests="3" name="com.juaracoding.btestng.SignInTest" time="0.008" errors="0" timestamp="2025-07-15T20:12:54 WIB" skipped="0">
  <testcase classname="com.juaracoding.btestng.SignInTest" name="fillUsername" time="0.007"/>
  <testcase classname="com.juaracoding.btestng.SignInTest" name="fillPassword" time="0.000"/>
  <testcase classname="com.juaracoding.btestng.SignInTest" name="clickButtonSignIn" time="0.001"/>
</testsuite> <!-- com.juaracoding.btestng.SignInTest -->
