<?xml version="1.0" encoding="UTF-8"?>
<!-- Generated by org.testng.reporters.JUnitReportReporter -->
<testsuite hostname="Raga" failures="0" tests="2" name="com.juaracoding.btestng.SignInTest" time="0.009" errors="0" timestamp="2025-07-15T19:28:36 WIB" skipped="0">
  <testcase classname="com.juaracoding.btestng.SignInTest" name="dashboardTest" time="0.001"/>
  <testcase classname="com.juaracoding.btestng.SignInTest" name="signinTest" time="0.008"/>
</testsuite> <!-- com.juaracoding.btestng.SignInTest -->
